Base path: 'C:/Program Files/Unity/Hub/Editor/2020.1.0a9/Editor/Data', plugins path 'C:/Program Files/Unity/Hub/Editor/2020.1.0a9/Editor/Data/PlaybackEngines'
Cmd: initializeCompiler
Cmd: compileSnippet
  api=4 type=1 insize=16577 outsize=902 kw=_SUNDISK_SIMPLE pd=UNITY_ENABLE_REFLECTION_BUFFERS UNITY_USE_DITHER_MASK_FOR_ALPHABLENDED_SHADOWS UNITY_PBS_USE_BRDF1 UNITY_SPECCUBE_BOX_PROJECTION UNITY_SPECCUBE_BLENDING UNITY_ENABLE_DETAIL_NORMALMAP SHADER_API_DESKTOP UNITY_COLORSPACE_GAMMA UNITY_LIGHT_PROBE_PROXY_VOLUME UNITY_LIGHTMAP_FULL_HDR ok=1
Cmd: compileSnippet
  api=4 type=1 insize=1302 outsize=218 kw=UNITY_PASS_SHADOWCASTER SHADOWS_DEPTH pd=UNITY_ENABLE_REFLECTION_BUFFERS UNITY_USE_DITHER_MASK_FOR_ALPHABLENDED_SHADOWS UNITY_PBS_USE_BRDF1 UNITY_SPECCUBE_BOX_PROJECTION UNITY_SPECCUBE_BLENDING UNITY_ENABLE_DETAIL_NORMALMAP SHADER_API_DESKTOP UNITY_COLORSPACE_GAMMA UNITY_LIGHT_PROBE_PROXY_VOLUME UNITY_LIGHTMAP_FULL_HDR ok=1
Cmd: compileSnippet
  api=4 type=1 insize=1602 outsize=6814 kw=UNITY_PASS_FORWARDBASE DIRECTIONAL LIGHTPROBE_SH pd=UNITY_ENABLE_REFLECTION_BUFFERS UNITY_USE_DITHER_MASK_FOR_ALPHABLENDED_SHADOWS UNITY_PBS_USE_BRDF1 UNITY_SPECCUBE_BOX_PROJECTION UNITY_SPECCUBE_BLENDING UNITY_ENABLE_DETAIL_NORMALMAP SHADER_API_DESKTOP UNITY_COLORSPACE_GAMMA UNITY_LIGHT_PROBE_PROXY_VOLUME UNITY_LIGHTMAP_FULL_HDR ok=1
Cmd: compileSnippet
  api=4 type=1 insize=11846 outsize=5706 kw=SHADOWS_SPLIT_SPHERES pd=UNITY_ENABLE_REFLECTION_BUFFERS UNITY_USE_DITHER_MASK_FOR_ALPHABLENDED_SHADOWS UNITY_PBS_USE_BRDF1 UNITY_SPECCUBE_BOX_PROJECTION UNITY_SPECCUBE_BLENDING UNITY_ENABLE_DETAIL_NORMALMAP SHADER_API_DESKTOP UNITY_COLORSPACE_GAMMA UNITY_LIGHT_PROBE_PROXY_VOLUME UNITY_LIGHTMAP_FULL_HDR ok=1
Cmd: initializeCompiler
Cmd: compileComputeKernel
  api=4 insize=15840 outsize=10500 ok=1
Cmd: compileComputeKernel
  api=4 insize=20668 outsize=95091 ok=1
Cmd: compileComputeKernel
  api=4 insize=7351 outsize=583 ok=1
Cmd: compileComputeKernel
  api=4 insize=824 outsize=330 ok=1
Cmd: compileComputeKernel
  api=4 insize=9415 outsize=3350 ok=1
Cmd: compileComputeKernel
  api=4 insize=3043 outsize=2697 ok=1
Cmd: compileComputeKernel
  api=4 insize=8070 outsize=4790 ok=1
Cmd: compileComputeKernel
  api=4 insize=8070 outsize=7046 ok=1
Cmd: compileComputeKernel
  api=4 insize=21751 outsize=21741 ok=1
Cmd: compileComputeKernel
  api=4 insize=17620 outsize=7333 ok=1
Cmd: compileComputeKernel
  api=4 insize=3918 outsize=885 ok=1
Cmd: compileComputeKernel
  api=4 insize=3918 outsize=677 ok=1
Cmd: compileComputeKernel
  api=4 insize=3918 outsize=662 ok=1
Cmd: compileComputeKernel
  api=4 insize=1326 outsize=620 ok=1
Cmd: compileComputeKernel
  api=4 insize=2549 outsize=869 ok=1
Cmd: compileComputeKernel
  api=4 insize=12535 outsize=4115 ok=1
Cmd: compileComputeKernel
  api=4 insize=12535 outsize=4863 ok=1
Cmd: compileComputeKernel
  api=4 insize=3022 outsize=2047 ok=1
Cmd: compileComputeKernel
  api=4 insize=36538 outsize=33357 ok=1
Cmd: compileComputeKernel
  api=4 insize=36538 outsize=34741 ok=1
Cmd: compileComputeKernel
  api=4 insize=36538 outsize=33357 ok=1
Cmd: compileComputeKernel
  api=4 insize=36538 outsize=34741 ok=1
Cmd: compileComputeKernel
  api=4 insize=21704 outsize=14612 ok=1
Cmd: compileComputeKernel
  api=4 insize=21704 outsize=15324 ok=1
Cmd: compileComputeKernel
  api=4 insize=4245 outsize=244 ok=1
Cmd: compileComputeKernel
  api=4 insize=8898 outsize=7844 ok=1
Cmd: compileComputeKernel
  api=4 insize=7918 outsize=695 ok=1
Cmd: compileComputeKernel
  api=4 insize=7918 outsize=317 ok=1
Cmd: compileComputeKernel
  api=4 insize=17654 outsize=2481 ok=1
Cmd: compileComputeKernel
  api=4 insize=17654 outsize=668 ok=1
Cmd: compileComputeKernel
  api=4 insize=4918 outsize=2417 ok=1
Cmd: compileComputeKernel
  api=4 insize=5065 outsize=4889 ok=1
Cmd: compileComputeKernel
  api=4 insize=9844 outsize=4045 ok=1
Cmd: compileComputeKernel
  api=4 insize=25900 outsize=15415 ok=1
Cmd: compileComputeKernel
  api=4 insize=25900 outsize=15619 ok=1
Cmd: compileComputeKernel
  api=4 insize=15603 outsize=111284 ok=1
Cmd: compileComputeKernel
  api=4 insize=15603 outsize=29536 ok=1
Cmd: compileComputeKernel
  api=4 insize=15603 outsize=38415 ok=1
Cmd: compileComputeKernel
  api=4 insize=15603 outsize=45249 ok=1
Cmd: compileComputeKernel
  api=4 insize=15603 outsize=31921 ok=1
Cmd: compileComputeKernel
  api=4 insize=15603 outsize=66012 ok=1
Cmd: compileComputeKernel
  api=4 insize=15603 outsize=35665 ok=1
Cmd: compileComputeKernel
  api=4 insize=15603 outsize=42462 ok=1
Cmd: compileComputeKernel
  api=4 insize=15603 outsize=14004 ok=1
Cmd: compileComputeKernel
  api=4 insize=15603 outsize=15259 ok=1
Cmd: compileComputeKernel
  api=4 insize=15603 outsize=35097 ok=1
Cmd: compileComputeKernel
  api=4 insize=15603 outsize=41934 ok=1
Cmd: compileComputeKernel
  api=4 insize=15603 outsize=57448 ok=1
Cmd: compileComputeKernel
  api=4 insize=15603 outsize=37814 ok=1
Cmd: compileComputeKernel
  api=4 insize=15603 outsize=44635 ok=1
Cmd: compileComputeKernel
  api=4 insize=15603 outsize=57750 ok=1
Cmd: compileComputeKernel
  api=4 insize=15603 outsize=33586 ok=1
Cmd: compileComputeKernel
  api=4 insize=15603 outsize=68225 ok=1
Cmd: compileComputeKernel
  api=4 insize=3607 outsize=3162 ok=1
Cmd: compileComputeKernel
  api=4 insize=5725 outsize=629 ok=1
Cmd: compileComputeKernel
  api=4 insize=19301 outsize=445 ok=1
Cmd: compileComputeKernel
  api=4 insize=19301 outsize=756 ok=1
Cmd: compileComputeKernel
  api=4 insize=2510 outsize=756 ok=1
Cmd: compileComputeKernel
  api=4 insize=3584 outsize=2561 ok=1
Cmd: compileComputeKernel
  api=4 insize=3107 outsize=2126 ok=1
Cmd: compileComputeKernel
  api=4 insize=7423 outsize=6586 ok=1
Cmd: compileComputeKernel
  api=4 insize=13624 outsize=4058 ok=1
Cmd: compileComputeKernel
  api=4 insize=4838 outsize=85434 ok=1
Cmd: compileComputeKernel
  api=4 insize=1035 outsize=1257 ok=1
