Base path: 'C:/Program Files/Unity/Hub/Editor/2020.1.0a9/Editor/Data', plugins path 'C:/Program Files/Unity/Hub/Editor/2020.1.0a9/Editor/Data/PlaybackEngines'
Cmd: initializeCompiler
Cmd: compileSnippet
  api=4 type=0 insize=16577 outsize=5666 kw=_SUNDISK_SIMPLE pd=UNITY_ENABLE_REFLECTION_BUFFERS UNITY_USE_DITHER_MASK_FOR_ALPHABLENDED_SHADOWS UNITY_PBS_USE_BRDF1 UNITY_SPECCUBE_BOX_PROJECTION UNITY_SPECCUBE_BLENDING UNITY_ENABLE_DETAIL_NORMALMAP SHADER_API_DESKTOP UNITY_COLORSPACE_GAMMA UNITY_LIGHT_PROBE_PROXY_VOLUME UNITY_LIGHTMAP_FULL_HDR ok=1
Cmd: compileSnippet
  api=4 type=0 insize=1302 outsize=1414 kw=UNITY_PASS_SHADOWCASTER SHADOWS_DEPTH pd=UNITY_ENABLE_REFLECTION_BUFFERS UNITY_USE_DITHER_MASK_FOR_ALPHABLENDED_SHADOWS UNITY_PBS_USE_BRDF1 UNITY_SPECCUBE_BOX_PROJECTION UNITY_SPECCUBE_BLENDING UNITY_ENABLE_DETAIL_NORMALMAP SHADER_API_DESKTOP UNITY_COLORSPACE_GAMMA UNITY_LIGHT_PROBE_PROXY_VOLUME UNITY_LIGHTMAP_FULL_HDR ok=1
Cmd: compileSnippet
  api=4 type=0 insize=1602 outsize=2002 kw=UNITY_PASS_FORWARDBASE DIRECTIONAL SHADOWS_SCREEN LIGHTPROBE_SH pd=UNITY_ENABLE_REFLECTION_BUFFERS UNITY_USE_DITHER_MASK_FOR_ALPHABLENDED_SHADOWS UNITY_PBS_USE_BRDF1 UNITY_SPECCUBE_BOX_PROJECTION UNITY_SPECCUBE_BLENDING UNITY_ENABLE_DETAIL_NORMALMAP SHADER_API_DESKTOP UNITY_COLORSPACE_GAMMA UNITY_LIGHT_PROBE_PROXY_VOLUME UNITY_LIGHTMAP_FULL_HDR ok=1
Cmd: initializeCompiler
Cmd: compileComputeKernel
  api=4 insize=15840 outsize=8237 ok=1
Cmd: compileComputeKernel
  api=4 insize=20668 outsize=27771 ok=1
Cmd: compileComputeKernel
  api=4 insize=9415 outsize=3340 ok=1
Cmd: compileComputeKernel
  api=4 insize=15715 outsize=3063 ok=1
Cmd: compileComputeKernel
  api=4 insize=8070 outsize=5765 ok=1
Cmd: compileComputeKernel
  api=4 insize=8070 outsize=8161 ok=1
Cmd: compileComputeKernel
  api=4 insize=17620 outsize=8154 ok=1
Cmd: compileComputeKernel
  api=4 insize=3918 outsize=2751 ok=1
Cmd: compileComputeKernel
  api=4 insize=2596 outsize=2186 ok=1
Cmd: compileComputeKernel
  api=4 insize=12535 outsize=666 ok=1
Cmd: compileComputeKernel
  api=4 insize=12535 outsize=819 ok=1
Cmd: compileComputeKernel
  api=4 insize=12535 outsize=4863 ok=1
Cmd: compileComputeKernel
  api=4 insize=3022 outsize=2044 ok=1
Cmd: compileComputeKernel
  api=4 insize=36538 outsize=36940 ok=1
Cmd: compileComputeKernel
  api=4 insize=36538 outsize=38624 ok=1
Cmd: compileComputeKernel
  api=4 insize=36538 outsize=36940 ok=1
Cmd: compileComputeKernel
  api=4 insize=36538 outsize=38624 ok=1
Cmd: compileComputeKernel
  api=4 insize=21704 outsize=15086 ok=1
Cmd: compileComputeKernel
  api=4 insize=21704 outsize=15798 ok=1
Cmd: compileComputeKernel
  api=4 insize=8898 outsize=9139 ok=1
Cmd: compileComputeKernel
  api=4 insize=7918 outsize=5629 ok=1
Cmd: compileComputeKernel
  api=4 insize=17654 outsize=635 ok=1
Cmd: compileComputeKernel
  api=4 insize=17654 outsize=5369 ok=1
Cmd: compileComputeKernel
  api=4 insize=4918 outsize=2350 ok=1
Cmd: compileComputeKernel
  api=4 insize=5065 outsize=1297 ok=1
Cmd: compileComputeKernel
  api=4 insize=5065 outsize=3022 ok=1
Cmd: compileComputeKernel
  api=4 insize=5065 outsize=898 ok=1
Cmd: compileComputeKernel
  api=4 insize=3257 outsize=2371 ok=1
Cmd: compileComputeKernel
  api=4 insize=9029 outsize=6440 ok=1
Cmd: compileComputeKernel
  api=4 insize=8350 outsize=2926 ok=1
Cmd: compileComputeKernel
  api=4 insize=9844 outsize=3581 ok=1
Cmd: compileComputeKernel
  api=4 insize=25900 outsize=15193 ok=1
Cmd: compileComputeKernel
  api=4 insize=25900 outsize=15377 ok=1
Cmd: compileComputeKernel
  api=4 insize=25900 outsize=324 ok=1
Cmd: compileComputeKernel
  api=4 insize=15603 outsize=113877 ok=1
Cmd: compileComputeKernel
  api=4 insize=15603 outsize=63311 ok=1
Cmd: compileComputeKernel
  api=4 insize=15603 outsize=48413 ok=1
Cmd: compileComputeKernel
  api=4 insize=15603 outsize=35801 ok=1
Cmd: compileComputeKernel
  api=4 insize=15603 outsize=44086 ok=1
Cmd: compileComputeKernel
  api=4 insize=15603 outsize=48393 ok=1
Cmd: compileComputeKernel
  api=4 insize=15603 outsize=95709 ok=1
Cmd: compileComputeKernel
  api=4 insize=15603 outsize=47134 ok=1
Cmd: compileComputeKernel
  api=4 insize=15603 outsize=33638 ok=1
Cmd: compileComputeKernel
  api=4 insize=15603 outsize=68565 ok=1
Cmd: compileComputeKernel
  api=4 insize=15603 outsize=37578 ok=1
Cmd: compileComputeKernel
  api=4 insize=15603 outsize=44315 ok=1
Cmd: compileComputeKernel
  api=4 insize=3844 outsize=4285 ok=1
Cmd: compileComputeKernel
  api=4 insize=19301 outsize=2547 ok=1
Cmd: compileComputeKernel
  api=4 insize=3797 outsize=1613 ok=1
Cmd: compileComputeKernel
  api=4 insize=11912 outsize=1307 ok=1
Cmd: compileComputeKernel
  api=4 insize=1940 outsize=1220 ok=1
Cmd: compileComputeKernel
  api=4 insize=7423 outsize=1033 ok=1
Cmd: compileComputeKernel
  api=4 insize=7423 outsize=1261 ok=1
Cmd: compileComputeKernel
  api=4 insize=13624 outsize=2094 ok=1
Cmd: compileComputeKernel
  api=4 insize=13624 outsize=2204 ok=1
Cmd: compileComputeKernel
  api=4 insize=4076 outsize=1508 ok=1
